Using pre-set license
Built from '2020.3/release' branch; Version is '2020.3.2f1 (8fd9074bf66c) revision 9427207'; Using compiler version '192528614'; Build Type 'Release'
OS: 'Windows 10 Pro; OS build 19042.928; Version 2009; 64bit' Language: 'ko' Physical Memory: 16315 MB
BatchMode: 1, IsHumanControllingUs: 0, StartBugReporterOnCrash: 0, Is64bit: 1, IsPro: 0

 COMMAND LINE ARGUMENTS:
C:\UnityProjects\2020.3.2f1\Editor\Unity.exe
-adb2
-batchMode
-noUpm
-name
AssetImportWorker0
-projectPath
C:/UnityProjects/LastManStanding
-logFile
Logs/AssetImportWorker0.log
-srvPort
<<<<<<< Updated upstream
50029
Successfully changed project path to: C:/UnityProjects/LastManStanding
C:/UnityProjects/LastManStanding
Using Asset Import Pipeline V2.
Refreshing native plugins compatible for Editor in 49.97 ms, found 3 plugins.
Preloading 1 native plugins for Editor in 0.79 ms.
=======
55733
Successfully changed project path to: C:/UnityProjects/LastManStanding
C:/UnityProjects/LastManStanding
Using Asset Import Pipeline V2.
Refreshing native plugins compatible for Editor in 47.32 ms, found 3 plugins.
Preloading 1 native plugins for Editor in 0.68 ms.
>>>>>>> Stashed changes
Initialize engine version: 2020.3.2f1 (8fd9074bf66c)
[Subsystems] Discovering subsystems at path C:/UnityProjects/2020.3.2f1/Editor/Data/Resources/UnitySubsystems
[Subsystems] Discovering subsystems at path C:/UnityProjects/LastManStanding/Assets
GfxDevice: creating device client; threaded=0
Direct3D:
    Version:  Direct3D 11.0 [level 11.1]
    Renderer: NVIDIA GeForce GTX 1660 SUPER (ID=0x21c4)
    Vendor:   
    VRAM:     5991 MB
    Driver:   27.21.14.5751
Initialize mono
Mono path[0] = 'C:/UnityProjects/2020.3.2f1/Editor/Data/Managed'
Mono path[1] = 'C:/UnityProjects/2020.3.2f1/Editor/Data/MonoBleedingEdge/lib/mono/unityjit'
Mono config path = 'C:/UnityProjects/2020.3.2f1/Editor/Data/MonoBleedingEdge/etc'
<<<<<<< Updated upstream
Using monoOptions --debugger-agent=transport=dt_socket,embedding=1,server=y,suspend=n,address=127.0.0.1:56344
Begin MonoManager ReloadAssembly
Registering precompiled unity dll's ...
Register platform support module: C:/UnityProjects/2020.3.2f1/Editor/Data/PlaybackEngines/WindowsStandaloneSupport/UnityEditor.WindowsStandalone.Extensions.dll
Registered in 0.001112 seconds.
Native extension for WindowsStandalone target not found
Refreshing native plugins compatible for Editor in 48.68 ms, found 3 plugins.
=======
Using monoOptions --debugger-agent=transport=dt_socket,embedding=1,server=y,suspend=n,address=127.0.0.1:56944
Begin MonoManager ReloadAssembly
Registering precompiled unity dll's ...
Register platform support module: C:/UnityProjects/2020.3.2f1/Editor/Data/PlaybackEngines/WindowsStandaloneSupport/UnityEditor.WindowsStandalone.Extensions.dll
Registered in 0.001399 seconds.
Native extension for WindowsStandalone target not found
Refreshing native plugins compatible for Editor in 44.99 ms, found 3 plugins.
>>>>>>> Stashed changes
Preloading 1 native plugins for Editor in 0.07 ms.
Invoked RoslynAnalysisRunner static constructor.
RoslynAnalysisRunner will not be running.
RoslynAnalysisRunner has terminated.
Mono: successfully reloaded assembly
<<<<<<< Updated upstream
- Completed reload, in  1.253 seconds
Platform modules already initialized, skipping
Registering precompiled user dll's ...
Registered in 0.001362 seconds.
Begin MonoManager ReloadAssembly
Native extension for WindowsStandalone target not found
Refreshing native plugins compatible for Editor in 47.62 ms, found 3 plugins.
Preloading 1 native plugins for Editor in 0.06 ms.
=======
- Completed reload, in  1.384 seconds
Platform modules already initialized, skipping
Registering precompiled user dll's ...
Registered in 0.001436 seconds.
Begin MonoManager ReloadAssembly
Native extension for WindowsStandalone target not found
Refreshing native plugins compatible for Editor in 44.94 ms, found 3 plugins.
Preloading 1 native plugins for Editor in 0.09 ms.
>>>>>>> Stashed changes
Invoked RoslynAnalysisRunner static constructor.
RoslynAnalysisRunner will not be running.
RoslynAnalysisRunner has terminated.
[XR] OculusXRPlugin: registering subsystems
[XR] Unable to register display lifecyle provider: [1]
[XR] Oculus Input lifecycle provider registered.
[XR] Unable to register input lifecyle provider: [1]
NullReferenceException: Object reference not set to an instance of an object
  at Unity.XR.Oculus.OculusLoader.AssetPathToAbsolutePath (System.String assetPath) [0x00048] in C:\UnityProjects\LastManStanding\Library\PackageCache\com.unity.xr.oculus@1.8.1\Runtime\OculusLoader.cs:243 
  at Unity.XR.Oculus.OculusLoader.EditorLoadOVRPlugin () [0x0007b] in C:\UnityProjects\LastManStanding\Library\PackageCache\com.unity.xr.oculus@1.8.1\Runtime\OculusLoader.cs:228 

(Filename: Library/PackageCache/com.unity.xr.oculus@1.8.1/Runtime/OculusLoader.cs Line: 243)

Mono: successfully reloaded assembly
<<<<<<< Updated upstream
- Completed reload, in  0.832 seconds
=======
- Completed reload, in  0.836 seconds
>>>>>>> Stashed changes
Platform modules already initialized, skipping
========================================================================
Worker process is ready to serve import requests
Launched and connected shader compiler UnityShaderCompiler.exe after 0.03 seconds
<<<<<<< Updated upstream
Refreshing native plugins compatible for Editor in 0.56 ms, found 3 plugins.
Preloading 1 native plugins for Editor in 0.06 ms.
Unloading 1674 Unused Serialized files (Serialized files now loaded: 0)
System memory in use before: 83.1 MB.
System memory in use after: 83.2 MB.

Unloading 12 unused Assets to reduce memory usage. Loaded Objects now: 2124.
Total: 1.970700 ms (FindLiveObjects: 0.181200 ms CreateObjectMapping: 0.084100 ms MarkObjects: 1.653500 ms  DeleteObjects: 0.051200 ms)

========================================================================
Received Import Request.
  path: Assets/Scenes/Map.unity
  artifactKey: Guid(73150628b4fde7249bac454eac61b59e) Importer(815301076,1909f56bfc062723c751e8b465ee728b)
Start importing Assets/Scenes/Map.unity using Guid(73150628b4fde7249bac454eac61b59e) Importer(815301076,1909f56bfc062723c751e8b465ee728b)  -> (artifact id: 'f409400b984255f929ad0b0890a9b476') in 0.011714 seconds
  Import took 0.014440 seconds .
=======
Refreshing native plugins compatible for Editor in 0.55 ms, found 3 plugins.
Preloading 1 native plugins for Editor in 0.07 ms.
Unloading 1671 Unused Serialized files (Serialized files now loaded: 0)
System memory in use before: 79.9 MB.
System memory in use after: 79.9 MB.

Unloading 12 unused Assets to reduce memory usage. Loaded Objects now: 2119.
Total: 1.845500 ms (FindLiveObjects: 0.191200 ms CreateObjectMapping: 0.070100 ms MarkObjects: 1.531000 ms  DeleteObjects: 0.052000 ms)

========================================================================
Received Import Request.
  path: Assets/Scenes/Map 1.unity
  artifactKey: Guid(3c62354373bbe7e4d8f9bac1e3db2d6f) Importer(815301076,1909f56bfc062723c751e8b465ee728b)
Start importing Assets/Scenes/Map 1.unity using Guid(3c62354373bbe7e4d8f9bac1e3db2d6f) Importer(815301076,1909f56bfc062723c751e8b465ee728b)  -> (artifact id: '45f53e07176a5c4cb4c88a33a5c21efd') in 0.013630 seconds
  Import took 0.016089 seconds .

========================================================================
Received Prepare
Registering precompiled user dll's ...
Registered in 0.001936 seconds.
Begin MonoManager ReloadAssembly
Native extension for WindowsStandalone target not found
Refreshing native plugins compatible for Editor in 0.58 ms, found 3 plugins.
Preloading 1 native plugins for Editor in 0.09 ms.
Invoked RoslynAnalysisRunner static constructor.
RoslynAnalysisRunner will not be running.
RoslynAnalysisRunner has terminated.
NullReferenceException: Object reference not set to an instance of an object
  at Unity.XR.Oculus.OculusLoader.AssetPathToAbsolutePath (System.String assetPath) [0x00048] in C:\UnityProjects\LastManStanding\Library\PackageCache\com.unity.xr.oculus@1.8.1\Runtime\OculusLoader.cs:243 
  at Unity.XR.Oculus.OculusLoader.EditorLoadOVRPlugin () [0x0007b] in C:\UnityProjects\LastManStanding\Library\PackageCache\com.unity.xr.oculus@1.8.1\Runtime\OculusLoader.cs:228 

(Filename: Library/PackageCache/com.unity.xr.oculus@1.8.1/Runtime/OculusLoader.cs Line: 243)

Mono: successfully reloaded assembly
- Completed reload, in  1.001 seconds
Platform modules already initialized, skipping
Refreshing native plugins compatible for Editor in 0.66 ms, found 3 plugins.
Preloading 1 native plugins for Editor in 0.08 ms.
Unloading 1653 Unused Serialized files (Serialized files now loaded: 0)
System memory in use before: 79.5 MB.
System memory in use after: 79.6 MB.

Unloading 5 unused Assets to reduce memory usage. Loaded Objects now: 2123.
Total: 2.014900 ms (FindLiveObjects: 0.295500 ms CreateObjectMapping: 0.081300 ms MarkObjects: 1.622200 ms  DeleteObjects: 0.014600 ms)

========================================================================
Received Import Request.
  Time since last request: 276.261840 seconds.
  path: Assets/Sprites
  artifactKey: Guid(e61010f27bc255141aabfa79ac576368) Importer(815301076,1909f56bfc062723c751e8b465ee728b)
Start importing Assets/Sprites using Guid(e61010f27bc255141aabfa79ac576368) Importer(815301076,1909f56bfc062723c751e8b465ee728b)  -> (artifact id: '297d00206fed47284cf01d8d05970193') in 0.008261 seconds
  Import took 0.010847 seconds .

========================================================================
Received Import Request.
  Time since last request: 57.312643 seconds.
  path: Assets/Prefab/Enemy1.prefab
  artifactKey: Guid(c29f0fd17fedabe42be30fc0d73fb2c8) Importer(815301076,1909f56bfc062723c751e8b465ee728b)
Start importing Assets/Prefab/Enemy1.prefab using Guid(c29f0fd17fedabe42be30fc0d73fb2c8) Importer(815301076,1909f56bfc062723c751e8b465ee728b)  -> (artifact id: '26ed6c5bc37ac0c0bf8cc96a83c6bdf3') in 0.348062 seconds
  Import took 0.351514 seconds .

========================================================================
Received Import Request.
  Time since last request: 2.228259 seconds.
  path: Assets/Prefab/Enemy2.prefab
  artifactKey: Guid(11f2ea71b90c7ae4c80f18affc1b8809) Importer(815301076,1909f56bfc062723c751e8b465ee728b)
Start importing Assets/Prefab/Enemy2.prefab using Guid(11f2ea71b90c7ae4c80f18affc1b8809) Importer(815301076,1909f56bfc062723c751e8b465ee728b)  -> (artifact id: '188898169414fe376dbe2aa134accf67') in 0.027924 seconds
  Import took 0.031383 seconds .

========================================================================
Received Prepare
Registering precompiled user dll's ...
Registered in 0.001600 seconds.
Begin MonoManager ReloadAssembly
Native extension for WindowsStandalone target not found
Refreshing native plugins compatible for Editor in 0.56 ms, found 3 plugins.
Preloading 1 native plugins for Editor in 0.08 ms.
Invoked RoslynAnalysisRunner static constructor.
RoslynAnalysisRunner will not be running.
RoslynAnalysisRunner has terminated.
NullReferenceException: Object reference not set to an instance of an object
  at Unity.XR.Oculus.OculusLoader.AssetPathToAbsolutePath (System.String assetPath) [0x00048] in C:\UnityProjects\LastManStanding\Library\PackageCache\com.unity.xr.oculus@1.8.1\Runtime\OculusLoader.cs:243 
  at Unity.XR.Oculus.OculusLoader.EditorLoadOVRPlugin () [0x0007b] in C:\UnityProjects\LastManStanding\Library\PackageCache\com.unity.xr.oculus@1.8.1\Runtime\OculusLoader.cs:228 

(Filename: Library/PackageCache/com.unity.xr.oculus@1.8.1/Runtime/OculusLoader.cs Line: 243)

Mono: successfully reloaded assembly
- Completed reload, in  0.732 seconds
Platform modules already initialized, skipping
Refreshing native plugins compatible for Editor in 0.54 ms, found 3 plugins.
Preloading 1 native plugins for Editor in 0.07 ms.
Unloading 1653 Unused Serialized files (Serialized files now loaded: 0)
System memory in use before: 96.3 MB.
System memory in use after: 96.4 MB.

Unloading 5 unused Assets to reduce memory usage. Loaded Objects now: 2135.
Total: 1.799800 ms (FindLiveObjects: 0.174200 ms CreateObjectMapping: 0.053400 ms MarkObjects: 1.560200 ms  DeleteObjects: 0.010800 ms)

========================================================================
Received Prepare
Registering precompiled user dll's ...
Registered in 0.001427 seconds.
Begin MonoManager ReloadAssembly
Native extension for WindowsStandalone target not found
Refreshing native plugins compatible for Editor in 0.55 ms, found 3 plugins.
Preloading 1 native plugins for Editor in 0.07 ms.
Invoked RoslynAnalysisRunner static constructor.
RoslynAnalysisRunner will not be running.
RoslynAnalysisRunner has terminated.
NullReferenceException: Object reference not set to an instance of an object
  at Unity.XR.Oculus.OculusLoader.AssetPathToAbsolutePath (System.String assetPath) [0x00048] in C:\UnityProjects\LastManStanding\Library\PackageCache\com.unity.xr.oculus@1.8.1\Runtime\OculusLoader.cs:243 
  at Unity.XR.Oculus.OculusLoader.EditorLoadOVRPlugin () [0x0007b] in C:\UnityProjects\LastManStanding\Library\PackageCache\com.unity.xr.oculus@1.8.1\Runtime\OculusLoader.cs:228 

(Filename: Library/PackageCache/com.unity.xr.oculus@1.8.1/Runtime/OculusLoader.cs Line: 243)

Mono: successfully reloaded assembly
- Completed reload, in  0.725 seconds
Platform modules already initialized, skipping
Refreshing native plugins compatible for Editor in 0.64 ms, found 3 plugins.
Preloading 1 native plugins for Editor in 0.07 ms.
Unloading 1653 Unused Serialized files (Serialized files now loaded: 0)
System memory in use before: 96.3 MB.
System memory in use after: 96.4 MB.

Unloading 5 unused Assets to reduce memory usage. Loaded Objects now: 2139.
Total: 1.877200 ms (FindLiveObjects: 0.240600 ms CreateObjectMapping: 0.061600 ms MarkObjects: 1.561300 ms  DeleteObjects: 0.012200 ms)
>>>>>>> Stashed changes

AssetImportWorkerClient::OnTransportError - code=2 error=End of file
